2024-06-22 12:06:688 INFO  HomePage :32 - Clicking on login link : [[ChromeDriver: chrome on windows (09b75311ce5c8813cad500f7a0303828)] -> link text: Log in]
2024-06-22 12:06:740 INFO  LoginPage :39 - Getting text from : [[ChromeDriver: chrome on windows (09b75311ce5c8813cad500f7a0303828)] -> xpath: //h1[contains(text(),'Welcome, Please Sign In!')]]
2024-06-22 12:06:668 INFO  HomePage :32 - Clicking on login link : [[ChromeDriver: chrome on windows (e93d13317a65340271fabfc42f899eca)] -> link text: Log in]
2024-06-22 12:06:703 INFO  LoginPage :39 - Getting text from : [[ChromeDriver: chrome on windows (e93d13317a65340271fabfc42f899eca)] -> xpath: //h1[contains(text(),'Welcome, Please Sign In!')]]
2024-06-22 12:06:730 INFO  HomePage :32 - Clicking on login link : [[ChromeDriver: chrome on windows (75fdca8398ed941e7ec3ca206e2ec026)] -> link text: Log in]
2024-06-22 12:06:772 INFO  LoginPage :39 - Getting text from : [[ChromeDriver: chrome on windows (75fdca8398ed941e7ec3ca206e2ec026)] -> xpath: //h1[contains(text(),'Welcome, Please Sign In!')]]
2024-06-22 12:06:588 INFO  HomePage :32 - Clicking on login link : [[ChromeDriver: chrome on windows (7595bd4b950fd70acbf36d112b066dd3)] -> link text: Log in]
2024-06-22 12:06:633 INFO  HomePage :32 - Clicking on login link : [[ChromeDriver: chrome on windows (023816a8de0d2da4af6faf185d6cd606)] -> link text: Log in]
2024-06-22 12:06:674 INFO  LoginPage :39 - Getting text from : [[ChromeDriver: chrome on windows (023816a8de0d2da4af6faf185d6cd606)] -> xpath: //h1[contains(text(),'Welcome, Please Sign In!')]]
2024-06-22 12:06:433 INFO  HomePage :32 - Clicking on login link : [[ChromeDriver: chrome on windows (a1ee4cbb9632242aa00b9ab6b3abc00a)] -> link text: Log in]
2024-06-22 12:06:74 INFO  HomePage :32 - Clicking on login link : [[ChromeDriver: chrome on windows (9357c7cc661c31732c4ff9cbfa44fcfc)] -> link text: Log in]
2024-06-22 12:06:155 INFO  LoginPage :39 - Getting text from : [[ChromeDriver: chrome on windows (9357c7cc661c31732c4ff9cbfa44fcfc)] -> xpath: //h1[contains(text(),'Welcome, Please Sign In!')]]
2024-06-22 12:06:102 INFO  HomePage :32 - Clicking on login link : [[ChromeDriver: chrome on windows (12a4b2f87daa46250f7090fcde66a763)] -> link text: Log in]
2024-06-22 12:06:444 INFO  HomePage :32 - Clicking on login link : [[ChromeDriver: chrome on windows (6dbd61d8ebcdc5f8ed1e7e5c8f0051bd)] -> link text: Log in]
2024-06-22 12:06:283 INFO  HomePage :32 - Clicking on login link : [[ChromeDriver: chrome on windows (29c16e78d2f09cfad68564db57345b3f)] -> link text: Log in]
2024-06-22 12:06:937 INFO  HomePage :32 - Clicking on login link : [[ChromeDriver: chrome on windows (87af6317aec34f92985b19c75899d90e)] -> link text: Log in]
2024-06-22 12:06:659 INFO  HomePage :32 - Clicking on login link : [[ChromeDriver: chrome on windows (33aa03f221656c1775f6782a13f782a1)] -> link text: Log in]
2024-06-22 13:06:288 INFO  HomePage :32 - Clicking on login link : [[ChromeDriver: chrome on windows (0beb6b8fb1cbd55b248ad41eed838e51)] -> link text: Log in]
2024-06-22 13:06:333 INFO  LoginPage :39 - Getting text from : [[ChromeDriver: chrome on windows (0beb6b8fb1cbd55b248ad41eed838e51)] -> xpath: //h1[contains(text(),'Welcome, Please Sign In!')]]
2024-06-22 13:06:633 INFO  HomePage :32 - Clicking on login link : [[ChromeDriver: chrome on windows (07de58f319f9fb66dfaab23f2e1b07bd)] -> link text: Log in]
2024-06-22 13:06:845 INFO  HomePage :32 - Clicking on login link : [[ChromeDriver: chrome on windows (f16230c072ab18ed6feef578f4160149)] -> link text: Log in]
2024-06-22 13:06:494 INFO  HomePage :32 - Clicking on login link : [[ChromeDriver: chrome on windows (a2866a49ec7b794eae86228d96e23afc)] -> link text: Log in]
2024-06-22 13:06:80 INFO  HomePage :32 - Clicking on login link : [[ChromeDriver: chrome on windows (6dfa74ead1ddceb0bd11a83d3ea147ea)] -> link text: Log in]
2024-06-22 13:06:68 INFO  HomePage :32 - Clicking on login link : [[ChromeDriver: chrome on windows (b5d0d7407f09e199744380ec515f1bf7)] -> link text: Log in]
2024-06-22 13:06:108 INFO  LoginPage :39 - Getting text from : [[ChromeDriver: chrome on windows (b5d0d7407f09e199744380ec515f1bf7)] -> xpath: //h1[contains(text(),'Welcome, Please Sign In!')]]
2024-06-22 14:06:172 INFO  HomePage :32 - Clicking on login link : [[ChromeDriver: chrome on windows (becf03247e853d1ad1907b6e976e21d2)] -> link text: Log in]
2024-06-22 14:06:505 INFO  HomePage :32 - Clicking on login link : [[ChromeDriver: chrome on windows (dea10df59551ca989b8dd78eaa5119d2)] -> link text: Log in]
2024-06-22 14:06:774 INFO  HomePage :32 - Clicking on login link : [[ChromeDriver: chrome on windows (d9ecb3451ee8106250e53fcc9e91963f)] -> link text: Log in]
2024-06-22 14:06:23 INFO  HomePage :32 - Clicking on login link : [[ChromeDriver: chrome on windows (12463413084826501e01f643036901c5)] -> link text: Log in]
2024-06-22 14:06:112 INFO  HomePage :32 - Clicking on login link : [[ChromeDriver: chrome on windows (9480aa63eb26d0306267e9d5c9fcf41d)] -> link text: Log in]
2024-06-22 14:06:153 INFO  LoginPage :39 - Getting text from : [[ChromeDriver: chrome on windows (9480aa63eb26d0306267e9d5c9fcf41d)] -> xpath: //h1[contains(text(),'Welcome, Please Sign In!')]]
2024-06-22 14:06:190 INFO  HomePage :32 - Clicking on login link : [[ChromeDriver: chrome on windows (fda746c07ea8255cff88ce70052b8a35)] -> link text: Log in]
2024-06-22 14:06:332 INFO  HomePage :32 - Clicking on login link : [[ChromeDriver: chrome on windows (959ac613c9d04492b9701ae256f0d676)] -> link text: Log in]
2024-06-22 14:06:378 INFO  LoginPage :39 - Getting text from : [[ChromeDriver: chrome on windows (959ac613c9d04492b9701ae256f0d676)] -> xpath: //h1[contains(text(),'Welcome, Please Sign In!')]]
2024-06-22 14:06:212 INFO  HomePage :32 - Clicking on login link : [[ChromeDriver: chrome on windows (9929a332b5c59f8e1d25bce5b66cb891)] -> link text: Log in]
2024-06-22 14:06:892 INFO  HomePage :32 - Clicking on login link : [[ChromeDriver: chrome on windows (51637c1444eab19c754cf567b714b66a)] -> link text: Log in]
2024-06-22 14:06:932 INFO  LoginPage :39 - Getting text from : [[ChromeDriver: chrome on windows (51637c1444eab19c754cf567b714b66a)] -> xpath: //h1[contains(text(),'Welcome, Please Sign In!')]]
2024-06-22 14:06:123 INFO  HomePage :32 - Clicking on login link : [[ChromeDriver: chrome on windows (6f1e61df0b78d6957fc4f827ac90cc2d)] -> link text: Log in]
2024-06-22 14:06:786 INFO  HomePage :32 - Clicking on login link : [[ChromeDriver: chrome on windows (c2648864214d28563a09c98e517b32a8)] -> link text: Log in]
2024-06-22 14:06:828 INFO  LoginPage :39 - Getting text from : [[ChromeDriver: chrome on windows (c2648864214d28563a09c98e517b32a8)] -> xpath: //h1[contains(text(),'Welcome, Please Sign In!')]]
2024-06-22 14:06:499 INFO  HomePage :32 - Clicking on login link : [[ChromeDriver: chrome on windows (27b1bc0ba31c36c648ed14bee16b8309)] -> link text: Log in]
2024-06-22 15:06:929 INFO  HomePage :32 - Clicking on login link : [[ChromeDriver: chrome on windows (476cfeabeb305a779fd3ab1998b9ca70)] -> link text: Log in]
2024-06-22 15:06:992 INFO  LoginPage :39 - Getting text from : [[ChromeDriver: chrome on windows (476cfeabeb305a779fd3ab1998b9ca70)] -> xpath: //h1[contains(text(),'Welcome, Please Sign In!')]]
2024-06-22 15:06:134 INFO  HomePage :32 - Clicking on login link : [[ChromeDriver: chrome on windows (df5147f21de578730d9fce3f95cc1120)] -> link text: Log in]
2024-06-22 15:06:195 INFO  HomePage :32 - Clicking on login link : [[ChromeDriver: chrome on windows (d710c61de636fde8719f631375c3259c)] -> link text: Log in]
2024-06-22 15:06:235 INFO  LoginPage :39 - Getting text from : [[ChromeDriver: chrome on windows (d710c61de636fde8719f631375c3259c)] -> xpath: //h1[contains(text(),'Welcome, Please Sign In!')]]
2024-06-22 15:06:483 INFO  HomePage :32 - Clicking on login link : [[ChromeDriver: chrome on windows (21dff50cc142be17f88b720f3c78edc0)] -> link text: Log in]
2024-06-22 15:06:361 WARN  FileSystemFontProvider :607 - New fonts found, font cache will be re-built
2024-06-22 15:06:362 WARN  FileSystemFontProvider :360 - Building on-disk font cache, this may take a while
2024-06-22 15:06:189 WARN  FileSystemFontProvider :363 - Finished building on-disk font cache, found 353 fonts
2024-06-22 15:06:657 INFO  HomePage :32 - Clicking on login link : [[ChromeDriver: chrome on windows (c9df7771bd04c0428e7ef340d3f085d6)] -> link text: Log in]
2024-06-22 15:06:696 INFO  LoginPage :39 - Getting text from : [[ChromeDriver: chrome on windows (c9df7771bd04c0428e7ef340d3f085d6)] -> xpath: //h1[contains(text(),'Welcome, Please Sign In!')]]
2024-06-22 15:06:896 INFO  HomePage :32 - Clicking on login link : [[ChromeDriver: chrome on windows (2da04863816479c790fada7709b08053)] -> link text: Log in]
2024-06-22 15:06:308 INFO  HomePage :32 - Clicking on login link : [[ChromeDriver: chrome on windows (47df2b71080f40115ec37d9a7e60743b)] -> link text: Log in]
2024-06-22 15:06:351 INFO  LoginPage :39 - Getting text from : [[ChromeDriver: chrome on windows (47df2b71080f40115ec37d9a7e60743b)] -> xpath: //h1[contains(text(),'Welcome, Please Sign In!')]]
2024-06-22 15:06:157 INFO  HomePage :32 - Clicking on login link : [[ChromeDriver: chrome on windows (cd3c29af0cd383b9566ba2b08eb630eb)] -> link text: Log in]
2024-06-22 16:06:473 INFO  HomePage :32 - Clicking on login link : [[ChromeDriver: chrome on windows (0790a4e70f1ac545562303ec745cef95)] -> link text: Log in]
2024-06-22 16:06:526 INFO  LoginPage :39 - Getting text from : [[ChromeDriver: chrome on windows (0790a4e70f1ac545562303ec745cef95)] -> xpath: //h1[contains(text(),'Welcome, Please Sign In!')]]
2024-06-22 16:06:887 INFO  HomePage :32 - Clicking on login link : [[ChromeDriver: chrome on windows (e36a8f76c5adf32c01477fe452b04018)] -> link text: Log in]
2024-06-22 16:06:892 INFO  HomePage :32 - Clicking on login link : [[ChromeDriver: chrome on windows (4a61f7e1986cb7c7d59515d618bab77d)] -> link text: Log in]
2024-06-22 16:06:927 INFO  LoginPage :39 - Getting text from : [[ChromeDriver: chrome on windows (4a61f7e1986cb7c7d59515d618bab77d)] -> xpath: //h1[contains(text(),'Welcome, Please Sign In!')]]
2024-06-22 16:06:858 INFO  HomePage :32 - Clicking on login link : [[ChromeDriver: chrome on windows (a547136957d5b3d0ea79a581948db8f9)] -> link text: Log in]
2024-06-22 16:06:843 INFO  HomePage :32 - Clicking on login link : [[ChromeDriver: chrome on windows (c401d1be4922a697faeba57829845368)] -> link text: Log in]
2024-06-22 16:06:896 INFO  LoginPage :39 - Getting text from : [[ChromeDriver: chrome on windows (c401d1be4922a697faeba57829845368)] -> xpath: //h1[contains(text(),'Welcome, Please Sign In!')]]
2024-06-22 16:06:628 INFO  HomePage :32 - Clicking on login link : [[ChromeDriver: chrome on windows (f5e59e4ea42aa6adcdda0de8a25a9d8d)] -> link text: Log in]
2024-06-22 16:06:936 INFO  HomePage :32 - Clicking on login link : [[ChromeDriver: chrome on windows (7de53036308b4bca75d940d80b1c8c43)] -> link text: Log in]
2024-06-22 16:06:970 INFO  LoginPage :39 - Getting text from : [[ChromeDriver: chrome on windows (7de53036308b4bca75d940d80b1c8c43)] -> xpath: //h1[contains(text(),'Welcome, Please Sign In!')]]
2024-06-22 16:06:959 INFO  HomePage :32 - Clicking on login link : [[ChromeDriver: chrome on windows (c1c478ab2dcd840d09ad9ceaf94b4c45)] -> link text: Log in]
